2023-06-23 17:34:23 autoreload.run_with_reloader: Watching for file changes with StatReloader
2023-06-23 17:35:09 autoreload.trigger_reload: D:\Project\DjangoBlogs\DjangoBlogs\settings.py changed, reloading.
2023-06-23 17:35:10 autoreload.run_with_reloader: Watching for file changes with StatReloader
2023-06-23 17:35:20 autoreload.trigger_reload: D:\Project\DjangoBlogs\DjangoBlogs\settings.py changed, reloading.
2023-06-23 17:35:21 autoreload.run_with_reloader: Watching for file changes with StatReloader
2023-06-23 17:36:04 autoreload.trigger_reload: D:\Project\DjangoBlogs\DjangoBlogs\settings.py changed, reloading.
2023-06-23 17:36:05 autoreload.run_with_reloader: Watching for file changes with StatReloader
2023-06-23 17:36:24 autoreload.trigger_reload: D:\Project\DjangoBlogs\DjangoBlogs\settings.py changed, reloading.
2023-06-23 17:36:25 autoreload.run_with_reloader: Watching for file changes with StatReloader
2023-06-23 17:38:21 autoreload.run_with_reloader: Watching for file changes with StatReloader
2023-06-23 17:39:04 autoreload.run_with_reloader: Watching for file changes with StatReloader
2023-06-23 17:39:27 autoreload.trigger_reload: D:\Project\DjangoBlogs\DjangoBlogs\settings.py changed, reloading.
2023-06-23 17:39:28 autoreload.run_with_reloader: Watching for file changes with StatReloader
2023-06-23 17:39:47 basehttp.log_message: "GET / HTTP/1.1" 200 582
2023-06-23 17:40:09 basehttp.log_message: "GET /blog/subjects/ HTTP/1.1" 200 1942
2023-06-23 17:40:40 autoreload.trigger_reload: D:\Project\DjangoBlogs\DjangoBlogs\settings.py changed, reloading.
2023-06-23 17:40:41 autoreload.run_with_reloader: Watching for file changes with StatReloader
2023-06-23 17:40:53 autoreload.trigger_reload: D:\Project\DjangoBlogs\DjangoBlogs\settings.py changed, reloading.
2023-06-23 17:40:54 autoreload.run_with_reloader: Watching for file changes with StatReloader
2023-06-23 17:40:56 basehttp.log_message: "GET /blog/subjects/ HTTP/1.1" 200 1942
2023-06-23 17:44:08 autoreload.trigger_reload: D:\Project\DjangoBlogs\DjangoBlogs\settings.py changed, reloading.
2023-06-23 17:44:09 autoreload.run_with_reloader: Watching for file changes with StatReloader
2023-06-23 17:44:17 autoreload.trigger_reload: D:\Project\DjangoBlogs\DjangoBlogs\settings.py changed, reloading.
2023-06-23 17:44:18 autoreload.run_with_reloader: Watching for file changes with StatReloader
2023-06-23 17:44:32 autoreload.trigger_reload: D:\Project\DjangoBlogs\DjangoBlogs\settings.py changed, reloading.
2023-06-23 17:44:33 autoreload.run_with_reloader: Watching for file changes with StatReloader
2023-06-23 17:46:38 autoreload.trigger_reload: D:\Project\DjangoBlogs\DjangoBlogs\settings.py changed, reloading.
2023-06-23 17:46:40 autoreload.run_with_reloader: Watching for file changes with StatReloader
2023-06-23 17:46:47 basehttp.log_message: "GET /blog/subjects/ HTTP/1.1" 200 1942
2023-06-23 17:47:42 autoreload.trigger_reload: D:\Project\DjangoBlogs\DjangoBlogs\settings.py changed, reloading.
2023-06-23 17:47:43 autoreload.run_with_reloader: Watching for file changes with StatReloader
2023-06-23 17:48:12 autoreload.trigger_reload: D:\Project\DjangoBlogs\DjangoBlogs\settings.py changed, reloading.
2023-06-23 17:48:14 autoreload.run_with_reloader: Watching for file changes with StatReloader
2023-06-23 17:48:19 log.log_response: Internal Server Error: /blog/subjects/
Traceback (most recent call last):
  File "C:\Users\MyNetdisk\AppData\Local\Programs\Python\Python311\Lib\site-packages\django\urls\base.py", line 71, in reverse
    extra, resolver = resolver.namespace_dict[ns]
                      ~~~~~~~~~~~~~~~~~~~~~~~^^^^
KeyError: 'djdt'

During handling of the above exception, another exception occurred:

Traceback (most recent call last):
  File "C:\Users\MyNetdisk\AppData\Local\Programs\Python\Python311\Lib\site-packages\django\core\handlers\exception.py", line 55, in inner
    response = get_response(request)
               ^^^^^^^^^^^^^^^^^^^^^
  File "C:\Users\MyNetdisk\AppData\Local\Programs\Python\Python311\Lib\site-packages\debug_toolbar\middleware.py", line 74, in __call__
    rendered = toolbar.render_toolbar()
               ^^^^^^^^^^^^^^^^^^^^^^^^
  File "C:\Users\MyNetdisk\AppData\Local\Programs\Python\Python311\Lib\site-packages\debug_toolbar\toolbar.py", line 82, in render_toolbar
    return render_to_string("debug_toolbar/base.html", context)
           ^^^^^^^^^^^^^^^^^^^^^^^^^^^^^^^^^^^^^^^^^^^^^^^^^^^^
  File "C:\Users\MyNetdisk\AppData\Local\Programs\Python\Python311\Lib\site-packages\django\template\loader.py", line 62, in render_to_string
    return template.render(context, request)
           ^^^^^^^^^^^^^^^^^^^^^^^^^^^^^^^^^
  File "C:\Users\MyNetdisk\AppData\Local\Programs\Python\Python311\Lib\site-packages\django\template\backends\django.py", line 61, in render
    return self.template.render(context)
           ^^^^^^^^^^^^^^^^^^^^^^^^^^^^^
  File "C:\Users\MyNetdisk\AppData\Local\Programs\Python\Python311\Lib\site-packages\django\template\base.py", line 175, in render
    return self._render(context)
           ^^^^^^^^^^^^^^^^^^^^^
  File "C:\Users\MyNetdisk\AppData\Local\Programs\Python\Python311\Lib\site-packages\django\test\utils.py", line 112, in instrumented_test_render
    return self.nodelist.render(context)
           ^^^^^^^^^^^^^^^^^^^^^^^^^^^^^
  File "C:\Users\MyNetdisk\AppData\Local\Programs\Python\Python311\Lib\site-packages\django\template\base.py", line 1005, in render
    return SafeString("".join([node.render_annotated(context) for node in self]))
                              ^^^^^^^^^^^^^^^^^^^^^^^^^^^^^^^^^^^^^^^^^^^^^^^^^
  File "C:\Users\MyNetdisk\AppData\Local\Programs\Python\Python311\Lib\site-packages\django\template\base.py", line 1005, in <listcomp>
    return SafeString("".join([node.render_annotated(context) for node in self]))
                               ^^^^^^^^^^^^^^^^^^^^^^^^^^^^^^
  File "C:\Users\MyNetdisk\AppData\Local\Programs\Python\Python311\Lib\site-packages\django\template\base.py", line 966, in render_annotated
    return self.render(context)
           ^^^^^^^^^^^^^^^^^^^^
  File "C:\Users\MyNetdisk\AppData\Local\Programs\Python\Python311\Lib\site-packages\django\template\defaulttags.py", line 321, in render
    return nodelist.render(context)
           ^^^^^^^^^^^^^^^^^^^^^^^^
  File "C:\Users\MyNetdisk\AppData\Local\Programs\Python\Python311\Lib\site-packages\django\template\base.py", line 1005, in render
    return SafeString("".join([node.render_annotated(context) for node in self]))
                              ^^^^^^^^^^^^^^^^^^^^^^^^^^^^^^^^^^^^^^^^^^^^^^^^^
  File "C:\Users\MyNetdisk\AppData\Local\Programs\Python\Python311\Lib\site-packages\django\template\base.py", line 1005, in <listcomp>
    return SafeString("".join([node.render_annotated(context) for node in self]))
                               ^^^^^^^^^^^^^^^^^^^^^^^^^^^^^^
  File "C:\Users\MyNetdisk\AppData\Local\Programs\Python\Python311\Lib\site-packages\django\template\base.py", line 966, in render_annotated
    return self.render(context)
           ^^^^^^^^^^^^^^^^^^^^
  File "C:\Users\MyNetdisk\AppData\Local\Programs\Python\Python311\Lib\site-packages\django\template\defaulttags.py", line 471, in render
    url = reverse(view_name, args=args, kwargs=kwargs, current_app=current_app)
          ^^^^^^^^^^^^^^^^^^^^^^^^^^^^^^^^^^^^^^^^^^^^^^^^^^^^^^^^^^^^^^^^^^^^^
  File "C:\Users\MyNetdisk\AppData\Local\Programs\Python\Python311\Lib\site-packages\django\urls\base.py", line 82, in reverse
    raise NoReverseMatch("%s is not a registered namespace" % key)
django.urls.exceptions.NoReverseMatch: 'djdt' is not a registered namespace
2023-06-23 17:48:19 basehttp.log_message: "GET /blog/subjects/ HTTP/1.1" 500 139909
2023-06-23 17:48:49 autoreload.trigger_reload: D:\Project\DjangoBlogs\DjangoBlogs\settings.py changed, reloading.
2023-06-23 17:48:51 autoreload.run_with_reloader: Watching for file changes with StatReloader
2023-06-23 17:48:55 autoreload.trigger_reload: D:\Project\DjangoBlogs\DjangoBlogs\settings.py changed, reloading.
2023-06-23 17:48:56 autoreload.run_with_reloader: Watching for file changes with StatReloader
2023-06-23 17:48:58 basehttp.log_message: "GET /blog/subjects/ HTTP/1.1" 200 1942
2023-06-23 17:49:52 autoreload.trigger_reload: D:\Project\DjangoBlogs\DjangoBlogs\settings.py changed, reloading.
2023-06-23 17:49:53 autoreload.run_with_reloader: Watching for file changes with StatReloader
2023-06-23 17:49:58 log.log_response: Internal Server Error: /blog/subjects/
Traceback (most recent call last):
  File "C:\Users\MyNetdisk\AppData\Local\Programs\Python\Python311\Lib\site-packages\django\urls\base.py", line 71, in reverse
    extra, resolver = resolver.namespace_dict[ns]
                      ~~~~~~~~~~~~~~~~~~~~~~~^^^^
KeyError: 'djdt'

During handling of the above exception, another exception occurred:

Traceback (most recent call last):
  File "C:\Users\MyNetdisk\AppData\Local\Programs\Python\Python311\Lib\site-packages\django\core\handlers\exception.py", line 55, in inner
    response = get_response(request)
               ^^^^^^^^^^^^^^^^^^^^^
  File "C:\Users\MyNetdisk\AppData\Local\Programs\Python\Python311\Lib\site-packages\debug_toolbar\middleware.py", line 74, in __call__
    rendered = toolbar.render_toolbar()
               ^^^^^^^^^^^^^^^^^^^^^^^^
  File "C:\Users\MyNetdisk\AppData\Local\Programs\Python\Python311\Lib\site-packages\debug_toolbar\toolbar.py", line 82, in render_toolbar
    return render_to_string("debug_toolbar/base.html", context)
           ^^^^^^^^^^^^^^^^^^^^^^^^^^^^^^^^^^^^^^^^^^^^^^^^^^^^
  File "C:\Users\MyNetdisk\AppData\Local\Programs\Python\Python311\Lib\site-packages\django\template\loader.py", line 62, in render_to_string
    return template.render(context, request)
           ^^^^^^^^^^^^^^^^^^^^^^^^^^^^^^^^^
  File "C:\Users\MyNetdisk\AppData\Local\Programs\Python\Python311\Lib\site-packages\django\template\backends\django.py", line 61, in render
    return self.template.render(context)
           ^^^^^^^^^^^^^^^^^^^^^^^^^^^^^
  File "C:\Users\MyNetdisk\AppData\Local\Programs\Python\Python311\Lib\site-packages\django\template\base.py", line 175, in render
    return self._render(context)
           ^^^^^^^^^^^^^^^^^^^^^
  File "C:\Users\MyNetdisk\AppData\Local\Programs\Python\Python311\Lib\site-packages\django\test\utils.py", line 112, in instrumented_test_render
    return self.nodelist.render(context)
           ^^^^^^^^^^^^^^^^^^^^^^^^^^^^^
  File "C:\Users\MyNetdisk\AppData\Local\Programs\Python\Python311\Lib\site-packages\django\template\base.py", line 1005, in render
    return SafeString("".join([node.render_annotated(context) for node in self]))
                              ^^^^^^^^^^^^^^^^^^^^^^^^^^^^^^^^^^^^^^^^^^^^^^^^^
  File "C:\Users\MyNetdisk\AppData\Local\Programs\Python\Python311\Lib\site-packages\django\template\base.py", line 1005, in <listcomp>
    return SafeString("".join([node.render_annotated(context) for node in self]))
                               ^^^^^^^^^^^^^^^^^^^^^^^^^^^^^^
  File "C:\Users\MyNetdisk\AppData\Local\Programs\Python\Python311\Lib\site-packages\django\template\base.py", line 966, in render_annotated
    return self.render(context)
           ^^^^^^^^^^^^^^^^^^^^
  File "C:\Users\MyNetdisk\AppData\Local\Programs\Python\Python311\Lib\site-packages\django\template\defaulttags.py", line 321, in render
    return nodelist.render(context)
           ^^^^^^^^^^^^^^^^^^^^^^^^
  File "C:\Users\MyNetdisk\AppData\Local\Programs\Python\Python311\Lib\site-packages\django\template\base.py", line 1005, in render
    return SafeString("".join([node.render_annotated(context) for node in self]))
                              ^^^^^^^^^^^^^^^^^^^^^^^^^^^^^^^^^^^^^^^^^^^^^^^^^
  File "C:\Users\MyNetdisk\AppData\Local\Programs\Python\Python311\Lib\site-packages\django\template\base.py", line 1005, in <listcomp>
    return SafeString("".join([node.render_annotated(context) for node in self]))
                               ^^^^^^^^^^^^^^^^^^^^^^^^^^^^^^
  File "C:\Users\MyNetdisk\AppData\Local\Programs\Python\Python311\Lib\site-packages\django\template\base.py", line 966, in render_annotated
    return self.render(context)
           ^^^^^^^^^^^^^^^^^^^^
  File "C:\Users\MyNetdisk\AppData\Local\Programs\Python\Python311\Lib\site-packages\django\template\defaulttags.py", line 471, in render
    url = reverse(view_name, args=args, kwargs=kwargs, current_app=current_app)
          ^^^^^^^^^^^^^^^^^^^^^^^^^^^^^^^^^^^^^^^^^^^^^^^^^^^^^^^^^^^^^^^^^^^^^
  File "C:\Users\MyNetdisk\AppData\Local\Programs\Python\Python311\Lib\site-packages\django\urls\base.py", line 82, in reverse
    raise NoReverseMatch("%s is not a registered namespace" % key)
django.urls.exceptions.NoReverseMatch: 'djdt' is not a registered namespace
2023-06-23 17:49:58 basehttp.log_message: "GET /blog/subjects/ HTTP/1.1" 500 139909
2023-06-23 17:50:05 log.log_response: Internal Server Error: /
Traceback (most recent call last):
  File "C:\Users\MyNetdisk\AppData\Local\Programs\Python\Python311\Lib\site-packages\django\urls\base.py", line 71, in reverse
    extra, resolver = resolver.namespace_dict[ns]
                      ~~~~~~~~~~~~~~~~~~~~~~~^^^^
KeyError: 'djdt'

During handling of the above exception, another exception occurred:

Traceback (most recent call last):
  File "C:\Users\MyNetdisk\AppData\Local\Programs\Python\Python311\Lib\site-packages\django\core\handlers\exception.py", line 55, in inner
    response = get_response(request)
               ^^^^^^^^^^^^^^^^^^^^^
  File "C:\Users\MyNetdisk\AppData\Local\Programs\Python\Python311\Lib\site-packages\debug_toolbar\middleware.py", line 74, in __call__
    rendered = toolbar.render_toolbar()
               ^^^^^^^^^^^^^^^^^^^^^^^^
  File "C:\Users\MyNetdisk\AppData\Local\Programs\Python\Python311\Lib\site-packages\debug_toolbar\toolbar.py", line 82, in render_toolbar
    return render_to_string("debug_toolbar/base.html", context)
           ^^^^^^^^^^^^^^^^^^^^^^^^^^^^^^^^^^^^^^^^^^^^^^^^^^^^
  File "C:\Users\MyNetdisk\AppData\Local\Programs\Python\Python311\Lib\site-packages\django\template\loader.py", line 62, in render_to_string
    return template.render(context, request)
           ^^^^^^^^^^^^^^^^^^^^^^^^^^^^^^^^^
  File "C:\Users\MyNetdisk\AppData\Local\Programs\Python\Python311\Lib\site-packages\django\template\backends\django.py", line 61, in render
    return self.template.render(context)
           ^^^^^^^^^^^^^^^^^^^^^^^^^^^^^
  File "C:\Users\MyNetdisk\AppData\Local\Programs\Python\Python311\Lib\site-packages\django\template\base.py", line 175, in render
    return self._render(context)
           ^^^^^^^^^^^^^^^^^^^^^
  File "C:\Users\MyNetdisk\AppData\Local\Programs\Python\Python311\Lib\site-packages\django\test\utils.py", line 112, in instrumented_test_render
    return self.nodelist.render(context)
           ^^^^^^^^^^^^^^^^^^^^^^^^^^^^^
  File "C:\Users\MyNetdisk\AppData\Local\Programs\Python\Python311\Lib\site-packages\django\template\base.py", line 1005, in render
    return SafeString("".join([node.render_annotated(context) for node in self]))
                              ^^^^^^^^^^^^^^^^^^^^^^^^^^^^^^^^^^^^^^^^^^^^^^^^^
  File "C:\Users\MyNetdisk\AppData\Local\Programs\Python\Python311\Lib\site-packages\django\template\base.py", line 1005, in <listcomp>
    return SafeString("".join([node.render_annotated(context) for node in self]))
                               ^^^^^^^^^^^^^^^^^^^^^^^^^^^^^^
  File "C:\Users\MyNetdisk\AppData\Local\Programs\Python\Python311\Lib\site-packages\django\template\base.py", line 966, in render_annotated
    return self.render(context)
           ^^^^^^^^^^^^^^^^^^^^
  File "C:\Users\MyNetdisk\AppData\Local\Programs\Python\Python311\Lib\site-packages\django\template\defaulttags.py", line 321, in render
    return nodelist.render(context)
           ^^^^^^^^^^^^^^^^^^^^^^^^
  File "C:\Users\MyNetdisk\AppData\Local\Programs\Python\Python311\Lib\site-packages\django\template\base.py", line 1005, in render
    return SafeString("".join([node.render_annotated(context) for node in self]))
                              ^^^^^^^^^^^^^^^^^^^^^^^^^^^^^^^^^^^^^^^^^^^^^^^^^
  File "C:\Users\MyNetdisk\AppData\Local\Programs\Python\Python311\Lib\site-packages\django\template\base.py", line 1005, in <listcomp>
    return SafeString("".join([node.render_annotated(context) for node in self]))
                               ^^^^^^^^^^^^^^^^^^^^^^^^^^^^^^
  File "C:\Users\MyNetdisk\AppData\Local\Programs\Python\Python311\Lib\site-packages\django\template\base.py", line 966, in render_annotated
    return self.render(context)
           ^^^^^^^^^^^^^^^^^^^^
  File "C:\Users\MyNetdisk\AppData\Local\Programs\Python\Python311\Lib\site-packages\django\template\defaulttags.py", line 471, in render
    url = reverse(view_name, args=args, kwargs=kwargs, current_app=current_app)
          ^^^^^^^^^^^^^^^^^^^^^^^^^^^^^^^^^^^^^^^^^^^^^^^^^^^^^^^^^^^^^^^^^^^^^
  File "C:\Users\MyNetdisk\AppData\Local\Programs\Python\Python311\Lib\site-packages\django\urls\base.py", line 82, in reverse
    raise NoReverseMatch("%s is not a registered namespace" % key)
django.urls.exceptions.NoReverseMatch: 'djdt' is not a registered namespace
2023-06-23 17:50:05 basehttp.log_message: "GET / HTTP/1.1" 500 139775
2023-06-23 17:50:36 autoreload.trigger_reload: D:\Project\DjangoBlogs\DjangoBlogs\urls.py changed, reloading.
2023-06-23 17:50:37 autoreload.run_with_reloader: Watching for file changes with StatReloader
2023-06-23 17:50:42 autoreload.trigger_reload: D:\Project\DjangoBlogs\DjangoBlogs\urls.py changed, reloading.
2023-06-23 17:50:44 autoreload.run_with_reloader: Watching for file changes with StatReloader
2023-06-23 17:50:46 basehttp.log_message: "GET / HTTP/1.1" 200 9562
2023-06-23 17:50:47 basehttp.log_message: "GET /static/debug_toolbar/js/toolbar.js HTTP/1.1" 200 13404
2023-06-23 17:50:47 basehttp.log_message: "GET /static/debug_toolbar/css/toolbar.css HTTP/1.1" 200 12664
2023-06-23 17:50:47 basehttp.log_message: "GET /static/debug_toolbar/css/print.css HTTP/1.1" 200 43
2023-06-23 17:50:47 basehttp.log_message: "GET /static/debug_toolbar/js/utils.js HTTP/1.1" 200 4527
2023-06-23 17:50:58 basehttp.log_message: "GET /blog/subjects/ HTTP/1.1" 200 10943
2023-06-23 17:51:33 basehttp.log_message: "GET /__debug__/render_panel/?store_id=3479269d30be4dc3ae48656220500253&panel_id=SQLPanel HTTP/1.1" 200 38650
2023-06-23 17:51:53 basehttp.log_message: "GET /blog/excel/ HTTP/1.1" 200 5632
2023-06-23 17:52:50 autoreload.trigger_reload: D:\Project\DjangoBlogs\DjangoBlogs\urls.py changed, reloading.
2023-06-23 17:52:51 autoreload.run_with_reloader: Watching for file changes with StatReloader
2023-06-23 17:53:05 basehttp.log_message: "GET /blog/excel/ HTTP/1.1" 200 5632
2023-06-23 17:53:07 basehttp.log_message: "GET /__debug__/render_panel/?store_id=3479269d30be4dc3ae48656220500253&panel_id=SQLPanel HTTP/1.1" 200 120
2023-06-23 17:53:22 basehttp.log_message: "GET /blog/subjects/ HTTP/1.1" 200 10942
2023-06-23 17:53:22 basehttp.log_message: "GET /static/debug_toolbar/css/toolbar.css HTTP/1.1" 304 0
2023-06-23 17:53:22 basehttp.log_message: "GET /static/debug_toolbar/js/toolbar.js HTTP/1.1" 304 0
2023-06-23 17:53:23 basehttp.log_message: "GET /static/debug_toolbar/css/print.css HTTP/1.1" 304 0
2023-06-23 17:53:23 basehttp.log_message: "GET /static/debug_toolbar/js/utils.js HTTP/1.1" 304 0
2023-06-23 17:53:25 basehttp.log_message: "GET /__debug__/render_panel/?store_id=7e711680fe3c436b9d5850d4ccad6fb5&panel_id=SQLPanel HTTP/1.1" 200 22854
2023-06-23 17:54:33 basehttp.log_message: "GET /blog/echarts/ HTTP/1.1" 200 10278
2023-06-23 17:54:34 basehttp.log_message: "GET /blog/teachers_data/ HTTP/1.1" 200 122
2023-06-23 17:54:36 basehttp.log_message: "GET /__debug__/render_panel/?store_id=78696e7592c745eb82dd6bd9f1bd4278&panel_id=SQLPanel HTTP/1.1" 200 115
2023-06-23 17:54:54 basehttp.log_message: "GET /blog/subjects/ HTTP/1.1" 200 10942
2023-06-23 17:54:56 basehttp.log_message: "GET /blog/teachers/?sno=1 HTTP/1.1" 200 11315
2023-06-23 17:54:56 basehttp.log_message: "GET /static/images/%E5%85%B3%E9%87%8D%E4%BB%B6%E4%B8%8D%E5%90%88%E6%A0%BC%E9%A1%B9%E5%88%86%E5%B8%83_1.png HTTP/1.1" 404 1933
2023-06-23 17:54:59 basehttp.log_message: "GET /__debug__/render_panel/?store_id=8fd1a1aa59f54a6eb35a657bff950210&panel_id=SQLPanel HTTP/1.1" 200 24277
2023-06-23 18:15:31 basehttp.log_message: "GET /blog/praise/?tno=1 HTTP/1.1" 200 51
2023-06-23 18:15:32 basehttp.log_message: "GET /__debug__/history_sidebar/?store_id=1a36dde1dffe48ffa9d6038bd1b939ed HTTP/1.1" 200 9095
2023-06-23 18:28:52 autoreload.trigger_reload: D:\Project\DjangoBlogs\DjangoBlogs\settings.py changed, reloading.
2023-06-23 18:28:53 autoreload.run_with_reloader: Watching for file changes with StatReloader
2023-06-23 18:29:10 autoreload.trigger_reload: D:\Project\DjangoBlogs\DjangoBlogs\settings.py changed, reloading.
2023-06-23 18:29:11 autoreload.run_with_reloader: Watching for file changes with StatReloader
2023-06-23 18:29:38 basehttp.log_message: "GET /blog/excel/ HTTP/1.1" 200 5632
2023-06-23 18:29:53 autoreload.trigger_reload: D:\Project\DjangoBlogs\blog\middlewares.py changed, reloading.
2023-06-23 18:29:54 autoreload.run_with_reloader: Watching for file changes with StatReloader
2023-06-23 18:30:13 autoreload.trigger_reload: D:\Project\DjangoBlogs\blog\middlewares.py changed, reloading.
2023-06-23 18:30:14 autoreload.run_with_reloader: Watching for file changes with StatReloader
2023-06-23 18:30:35 log.log_response: Internal Server Error: /blog/excel/
Traceback (most recent call last):
  File "C:\Users\MyNetdisk\AppData\Local\Programs\Python\Python311\Lib\site-packages\django\core\handlers\exception.py", line 55, in inner
    response = get_response(request)
               ^^^^^^^^^^^^^^^^^^^^^
  File "D:\Project\DjangoBlogs\blog\middlewares.py", line 19, in wrapper
    if request.is_ajax():
       ^^^^^^^^^^^^^^^
AttributeError: 'WSGIRequest' object has no attribute 'is_ajax'
2023-06-23 18:30:35 basehttp.log_message: "GET /blog/excel/ HTTP/1.1" 500 71882
2023-06-23 18:30:35 basehttp.log_message: "GET /static/debug_toolbar/css/toolbar.css HTTP/1.1" 304 0
2023-06-23 18:30:35 basehttp.log_message: "GET /static/debug_toolbar/js/toolbar.js HTTP/1.1" 304 0
2023-06-23 18:30:36 basehttp.log_message: "GET /static/debug_toolbar/css/print.css HTTP/1.1" 304 0
2023-06-23 18:30:37 basehttp.log_message: "GET /static/debug_toolbar/js/utils.js HTTP/1.1" 304 0
2023-06-23 18:31:23 autoreload.trigger_reload: D:\Project\DjangoBlogs\blog\middlewares.py changed, reloading.
2023-06-23 18:31:24 autoreload.run_with_reloader: Watching for file changes with StatReloader
2023-06-23 18:31:29 log.log_response: Internal Server Error: /blog/excel/
Traceback (most recent call last):
  File "C:\Users\MyNetdisk\AppData\Local\Programs\Python\Python311\Lib\site-packages\django\core\handlers\exception.py", line 55, in inner
    response = get_response(request)
               ^^^^^^^^^^^^^^^^^^^^^
  File "D:\Project\DjangoBlogs\blog\middlewares.py", line 20, in wrapper
    if request.is_ajax():
       ^^^^^^^^^^^^^^^
AttributeError: 'WSGIRequest' object has no attribute 'is_ajax'
2023-06-23 18:31:30 basehttp.log_message: "GET /blog/excel/ HTTP/1.1" 500 71982
2023-06-23 18:31:57 autoreload.trigger_reload: D:\Project\DjangoBlogs\blog\middlewares.py changed, reloading.
2023-06-23 18:31:58 autoreload.run_with_reloader: Watching for file changes with StatReloader
2023-06-23 18:32:19 log.log_response: Internal Server Error: /blog/excel/
Traceback (most recent call last):
  File "C:\Users\MyNetdisk\AppData\Local\Programs\Python\Python311\Lib\site-packages\django\core\handlers\exception.py", line 55, in inner
    response = get_response(request)
               ^^^^^^^^^^^^^^^^^^^^^
  File "D:\Project\DjangoBlogs\blog\middlewares.py", line 20, in wrapper
    if request.is_ajax():
       ^^^^^^^^^^^^^^^
AttributeError: 'WSGIRequest' object has no attribute 'is_ajax'
2023-06-23 18:32:19 basehttp.log_message: "GET /blog/excel/ HTTP/1.1" 500 71982
2023-06-23 18:32:32 basehttp.log_message: "GET /blog/subjects/ HTTP/1.1" 200 10943
2023-06-23 18:32:40 log.log_response: Internal Server Error: /blog/excel/
Traceback (most recent call last):
  File "C:\Users\MyNetdisk\AppData\Local\Programs\Python\Python311\Lib\site-packages\django\core\handlers\exception.py", line 55, in inner
    response = get_response(request)
               ^^^^^^^^^^^^^^^^^^^^^
  File "D:\Project\DjangoBlogs\blog\middlewares.py", line 20, in wrapper
    if request.is_ajax():
       ^^^^^^^^^^^^^^^
AttributeError: 'WSGIRequest' object has no attribute 'is_ajax'
2023-06-23 18:32:40 basehttp.log_message: "GET /blog/excel/ HTTP/1.1" 500 71845
2023-06-23 18:33:54 autoreload.trigger_reload: D:\Project\DjangoBlogs\blog\middlewares.py changed, reloading.
2023-06-23 18:33:55 autoreload.run_with_reloader: Watching for file changes with StatReloader
2023-06-23 18:34:00 basehttp.log_message: "GET /blog/excel/ HTTP/1.1" 302 0
2023-06-23 18:34:00 log.log_response: Not Found: /login/
2023-06-23 18:34:00 basehttp.log_message: "GET /login/?backurl=/blog/excel/ HTTP/1.1" 404 11422
2023-06-23 18:34:25 autoreload.trigger_reload: D:\Project\DjangoBlogs\blog\middlewares.py changed, reloading.
2023-06-23 18:34:27 autoreload.run_with_reloader: Watching for file changes with StatReloader
2023-06-23 18:34:34 log.log_response: Not Found: /login/
2023-06-23 18:34:34 basehttp.log_message: "GET /login/?backurl=/blog/excel/ HTTP/1.1" 404 11421
2023-06-23 18:34:42 log.log_response: Not Found: /excel
2023-06-23 18:34:42 basehttp.log_message: "GET /excel HTTP/1.1" 404 11376
2023-06-23 18:34:51 basehttp.log_message: "GET /blog/excel/ HTTP/1.1" 302 0
2023-06-23 18:34:51 basehttp.log_message: "GET /blog/login/?backurl=/blog/excel/ HTTP/1.1" 200 11141
2023-06-23 18:34:52 basehttp.log_message: "GET /blog/captcha/ HTTP/1.1" 200 6181
2023-06-23 18:35:29 basehttp.log_message: "POST /blog/login/ HTTP/1.1" 302 0
2023-06-23 18:35:29 basehttp.log_message: "GET / HTTP/1.1" 200 9533
2023-06-23 18:35:44 basehttp.log_message: "GET /blog/subjects/ HTTP/1.1" 200 10941
2023-06-23 18:35:51 basehttp.log_message: "GET /blog/excel/ HTTP/1.1" 200 5632
2023-06-24 15:04:26 autoreload.run_with_reloader: Watching for file changes with StatReloader
2023-06-24 15:04:51 basehttp.log_message: "GET / HTTP/1.1" 200 9565
2023-06-24 15:04:51 basehttp.log_message: "GET /static/debug_toolbar/js/toolbar.js HTTP/1.1" 304 0
2023-06-24 15:04:51 basehttp.log_message: "GET /static/debug_toolbar/css/toolbar.css HTTP/1.1" 304 0
2023-06-24 15:04:52 basehttp.log_message: "GET /static/debug_toolbar/css/print.css HTTP/1.1" 304 0
2023-06-24 15:04:53 basehttp.log_message: "GET /static/debug_toolbar/js/utils.js HTTP/1.1" 304 0
2023-06-24 15:04:54 log.log_response: Not Found: /favicon.ico
2023-06-24 15:04:54 basehttp.log_message: "GET /favicon.ico HTTP/1.1" 404 11400
2023-06-24 15:04:58 basehttp.log_message: "GET /static/debug_toolbar/js/toolbar.js HTTP/1.1" 200 13404
2023-06-24 15:04:58 basehttp.log_message: "GET /static/debug_toolbar/js/utils.js HTTP/1.1" 200 4527
2023-06-24 15:05:01 basehttp.log_message: "GET /blog/subjects/ HTTP/1.1" 200 10944
2023-06-24 15:05:01 basehttp.log_message: "GET /static/images/chart.png HTTP/1.1" 304 0
2023-06-24 15:05:35 basehttp.log_message: "GET /blog/api/subjects/ HTTP/1.1" 200 593
2023-06-24 15:08:50 autoreload.trigger_reload: D:\Project\DjangoBlogs\blog\views.py changed, reloading.
2023-06-24 15:08:52 autoreload.run_with_reloader: Watching for file changes with StatReloader
2023-06-24 15:09:04 autoreload.trigger_reload: D:\Project\DjangoBlogs\blog\views.py changed, reloading.
2023-06-24 15:09:06 autoreload.run_with_reloader: Watching for file changes with StatReloader
2023-06-24 15:10:23 autoreload.trigger_reload: D:\Project\DjangoBlogs\blog\views.py changed, reloading.
2023-06-24 15:10:26 autoreload.run_with_reloader: Watching for file changes with StatReloader
2023-06-24 15:10:29 basehttp.log_message: "GET /blog/api/subjects/ HTTP/1.1" 200 597
2023-06-24 15:12:14 autoreload.trigger_reload: D:\Project\DjangoBlogs\blog\views.py changed, reloading.
2023-06-24 15:12:17 autoreload.run_with_reloader: Watching for file changes with StatReloader
2023-06-24 15:12:21 basehttp.log_message: "GET /blog/api/subjects/ HTTP/1.1" 200 593
2023-06-24 15:15:53 basehttp.log_message: "GET /static/subjects.html HTTP/1.1" 404 1798
2023-06-24 15:16:20 log.log_response: Not Found: /subjects.html
2023-06-24 15:16:20 basehttp.log_message: "GET /subjects.html HTTP/1.1" 404 11408
2023-06-24 15:16:31 basehttp.log_message: "GET /static/html/subjects.html HTTP/1.1" 200 243
2023-06-24 15:19:17 basehttp.log_message: "GET /static/html/subjects.html HTTP/1.1" 200 1155
2023-06-24 15:19:17 basehttp.log_message: "GET /static/images/hot-icon-small.png HTTP/1.1" 404 1834
2023-06-24 15:19:18 basehttp.log_message: "GET /blog/api/subjects/ HTTP/1.1" 200 593
2023-06-24 15:19:31 basehttp.log_message: "GET /static/html/subjects.html HTTP/1.1" 304 0
2023-06-24 15:19:31 basehttp.log_message: "GET /static/images/hot-icon-small.png HTTP/1.1" 404 1834
2023-06-24 15:19:32 basehttp.log_message: "GET /blog/api/subjects/ HTTP/1.1" 200 593
2023-06-24 15:20:00 basehttp.log_message: "GET /blog/subjects/ HTTP/1.1" 200 10942
2023-06-24 15:20:04 basehttp.log_message: "GET /blog/subjects/ HTTP/1.1" 200 10942
2023-06-24 15:20:39 basehttp.log_message: "GET /blog/teachers/?sno=1 HTTP/1.1" 200 11316
2023-06-24 15:20:39 basehttp.log_message: "GET /static/images/%E5%85%B3%E9%87%8D%E4%BB%B6%E4%B8%8D%E5%90%88%E6%A0%BC%E9%A1%B9%E5%88%86%E5%B8%83_1.png HTTP/1.1" 404 1933
2023-06-24 15:20:43 basehttp.log_message: "GET /blog/teachers/?sno=1 HTTP/1.1" 200 11315
2023-06-24 15:20:43 basehttp.log_message: "GET /static/images/%E5%85%B3%E9%87%8D%E4%BB%B6%E4%B8%8D%E5%90%88%E6%A0%BC%E9%A1%B9%E5%88%86%E5%B8%83_1.png HTTP/1.1" 404 1933
2023-06-24 15:21:02 log.log_response: Not Found: /blog/teachers/echarts.html
2023-06-24 15:21:02 basehttp.log_message: "GET /blog/teachers/echarts.html HTTP/1.1" 404 13279
2023-06-24 15:21:18 basehttp.log_message: "GET /blog/echarts/ HTTP/1.1" 200 10278
2023-06-24 15:21:19 basehttp.log_message: "GET /blog/teachers_data/ HTTP/1.1" 302 0
2023-06-24 15:21:20 basehttp.log_message: "GET /blog/login/?backurl=/blog/teachers_data/ HTTP/1.1" 200 11149
2023-06-24 15:22:36 log.log_response: Not Found: /blog/subjects/login.html
2023-06-24 15:22:36 basehttp.log_message: "GET /blog/subjects/login.html HTTP/1.1" 404 13271
2023-06-24 15:22:44 basehttp.log_message: "GET / HTTP/1.1" 200 9566
2023-06-24 15:22:47 basehttp.log_message: "GET /blog/login/ HTTP/1.1" 200 11120
2023-06-24 15:22:47 basehttp.log_message: "GET /blog/captcha/ HTTP/1.1" 200 6102
2023-06-24 15:23:12 basehttp.log_message: "POST /blog/login/ HTTP/1.1" 302 0
2023-06-24 15:23:12 basehttp.log_message: "GET / HTTP/1.1" 200 9532
2023-06-24 15:23:19 basehttp.log_message: "GET /blog/echarts/ HTTP/1.1" 200 10277
2023-06-24 15:23:20 basehttp.log_message: "GET /blog/teachers_data/ HTTP/1.1" 200 122
2023-06-24 15:23:29 basehttp.log_message: "GET /blog/echarts/ HTTP/1.1" 200 10277
2023-06-24 15:23:30 basehttp.log_message: "GET /blog/teachers_data/ HTTP/1.1" 200 122
2023-06-24 15:42:14 autoreload.trigger_reload: D:\Project\DjangoBlogs\DjangoBlogs\settings.py changed, reloading.
2023-06-24 15:42:16 autoreload.run_with_reloader: Watching for file changes with StatReloader
2023-06-24 15:42:54 autoreload.trigger_reload: D:\Project\DjangoBlogs\DjangoBlogs\settings.py changed, reloading.
2023-06-24 15:42:56 autoreload.run_with_reloader: Watching for file changes with StatReloader
2023-06-24 15:44:27 autoreload.trigger_reload: D:\Project\DjangoBlogs\blog\views.py changed, reloading.
2023-06-24 15:44:29 autoreload.run_with_reloader: Watching for file changes with StatReloader
2023-06-24 15:44:38 autoreload.trigger_reload: D:\Project\DjangoBlogs\blog\views.py changed, reloading.
2023-06-24 15:44:41 autoreload.run_with_reloader: Watching for file changes with StatReloader
2023-06-24 15:45:53 autoreload.trigger_reload: D:\Project\DjangoBlogs\blog\views.py changed, reloading.
2023-06-24 15:45:55 autoreload.run_with_reloader: Watching for file changes with StatReloader
2023-06-24 16:03:15 autoreload.trigger_reload: D:\Project\DjangoBlogs\blog\views.py changed, reloading.
2023-06-24 16:03:18 autoreload.run_with_reloader: Watching for file changes with StatReloader
2023-06-24 16:05:55 autoreload.trigger_reload: D:\Project\DjangoBlogs\blog\views.py changed, reloading.
2023-06-24 16:05:57 autoreload.run_with_reloader: Watching for file changes with StatReloader
2023-06-24 16:06:20 autoreload.trigger_reload: D:\Project\DjangoBlogs\blog\views.py changed, reloading.
2023-06-24 16:06:21 autoreload.run_with_reloader: Watching for file changes with StatReloader
2023-06-24 16:09:42 basehttp.log_message: "GET /admin/ HTTP/1.1" 302 0
2023-06-24 16:09:42 basehttp.log_message: "GET /admin/login/?next=/admin/ HTTP/1.1" 200 13206
2023-06-24 16:09:42 basehttp.log_message: "GET /static/admin/css/base.css HTTP/1.1" 304 0
2023-06-24 16:09:42 basehttp.log_message: "GET /static/admin/css/responsive.css HTTP/1.1" 304 0
2023-06-24 16:09:42 basehttp.log_message: "GET /static/admin/css/nav_sidebar.css HTTP/1.1" 304 0
2023-06-24 16:09:42 basehttp.log_message: "GET /static/admin/css/dark_mode.css HTTP/1.1" 304 0
2023-06-24 16:09:43 basehttp.log_message: "GET /static/admin/css/login.css HTTP/1.1" 200 958
2023-06-24 16:09:44 basehttp.log_message: "GET /static/admin/js/theme.js HTTP/1.1" 304 0
2023-06-24 16:09:44 basehttp.log_message: "GET /static/admin/js/nav_sidebar.js HTTP/1.1" 304 0
2023-06-24 16:09:45 basehttp.log_message: "GET /static/admin/js/theme.js HTTP/1.1" 200 1943
2023-06-24 16:09:45 basehttp.log_message: "GET /static/admin/js/nav_sidebar.js HTTP/1.1" 200 3063
2023-06-24 16:09:52 basehttp.log_message: "POST /admin/login/?next=/admin/ HTTP/1.1" 302 0
2023-06-24 16:09:53 basehttp.log_message: "GET /admin/ HTTP/1.1" 200 17397
2023-06-24 16:09:53 basehttp.log_message: "GET /static/admin/css/dashboard.css HTTP/1.1" 304 0
2023-06-24 16:09:53 basehttp.log_message: "GET /static/admin/img/icon-addlink.svg HTTP/1.1" 304 0
2023-06-24 16:09:53 basehttp.log_message: "GET /static/admin/img/icon-changelink.svg HTTP/1.1" 304 0
2023-06-24 16:10:06 basehttp.log_message: "GET / HTTP/1.1" 200 9561
2023-06-24 16:10:08 basehttp.log_message: "GET /admin/ HTTP/1.1" 200 17395
2023-06-24 16:10:10 basehttp.log_message: "GET /admin/ HTTP/1.1" 200 17395
2023-06-24 16:10:16 basehttp.log_message: "GET /admin/blog/subject/ HTTP/1.1" 200 20209
2023-06-24 16:10:17 basehttp.log_message: "GET /static/admin/js/vendor/jquery/jquery.js HTTP/1.1" 304 0
2023-06-24 16:10:17 basehttp.log_message: "GET /static/admin/js/jquery.init.js HTTP/1.1" 304 0
2023-06-24 16:10:17 basehttp.log_message: "GET /static/admin/css/changelists.css HTTP/1.1" 304 0
2023-06-24 16:10:17 basehttp.log_message: "GET /static/admin/js/admin/RelatedObjectLookups.js HTTP/1.1" 304 0
2023-06-24 16:10:17 basehttp.log_message: "GET /static/admin/js/core.js HTTP/1.1" 304 0
2023-06-24 16:10:17 basehttp.log_message: "GET /static/admin/js/actions.js HTTP/1.1" 304 0
2023-06-24 16:10:17 basehttp.log_message: "GET /static/admin/js/urlify.js HTTP/1.1" 304 0
2023-06-24 16:10:17 basehttp.log_message: "GET /static/admin/js/prepopulate.js HTTP/1.1" 304 0
2023-06-24 16:10:17 basehttp.log_message: "GET /static/admin/js/vendor/xregexp/xregexp.js HTTP/1.1" 304 0
2023-06-24 16:10:17 basehttp.log_message: "GET /admin/jsi18n/ HTTP/1.1" 200 8560
2023-06-24 16:10:17 basehttp.log_message: "GET /static/admin/img/search.svg HTTP/1.1" 304 0
2023-06-24 16:10:17 basehttp.log_message: "GET /static/admin/img/icon-yes.svg HTTP/1.1" 304 0
2023-06-24 16:10:17 basehttp.log_message: "GET /static/admin/js/filters.js HTTP/1.1" 304 0
2023-06-24 16:10:17 basehttp.log_message: "GET /static/admin/img/sorting-icons.svg HTTP/1.1" 304 0
2023-06-24 16:10:17 basehttp.log_message: "GET /static/admin/img/tooltag-add.svg HTTP/1.1" 304 0
2023-06-24 16:10:25 basehttp.log_message: "GET /admin/auth/user/ HTTP/1.1" 200 20290
2023-06-24 16:10:26 basehttp.log_message: "GET /admin/jsi18n/ HTTP/1.1" 200 8560
2023-06-24 16:10:28 basehttp.log_message: "GET /admin/auth/group/ HTTP/1.1" 200 17033
2023-06-24 16:10:28 basehttp.log_message: "GET /admin/jsi18n/ HTTP/1.1" 200 8560
2023-06-24 16:10:32 basehttp.log_message: "GET /admin/ HTTP/1.1" 200 17395
2023-06-24 16:12:04 log.log_response: Not Found: /blog/api/restful/subjects/
2023-06-24 16:12:04 basehttp.log_message: "GET /blog/api/restful/subjects/ HTTP/1.1" 404 13279
2023-06-24 16:12:31 autoreload.trigger_reload: D:\Project\DjangoBlogs\blog\urls.py changed, reloading.
2023-06-24 16:12:34 autoreload.run_with_reloader: Watching for file changes with StatReloader
2023-06-24 16:12:35 basehttp.log_message: "GET /blog/api/restful/subjects/ HTTP/1.1" 200 15198
2023-06-24 16:12:36 basehttp.log_message: "GET /static/rest_framework/css/bootstrap-tweaks.css HTTP/1.1" 200 3385
2023-06-24 16:12:36 basehttp.log_message: "GET /static/rest_framework/css/prettify.css HTTP/1.1" 200 817
2023-06-24 16:12:36 basehttp.log_message: "GET /static/rest_framework/css/bootstrap.min.css HTTP/1.1" 200 121457
2023-06-24 16:12:36 basehttp.log_message: "GET /static/rest_framework/css/default.css HTTP/1.1" 200 1152
2023-06-24 16:12:36 basehttp.log_message: "GET /static/rest_framework/js/jquery-3.5.1.min.js HTTP/1.1" 200 89476
2023-06-24 16:12:36 basehttp.log_message: "GET /static/rest_framework/js/csrf.js HTTP/1.1" 200 1719
2023-06-24 16:12:36 basehttp.log_message: "GET /static/rest_framework/js/bootstrap.min.js HTTP/1.1" 200 39680
2023-06-24 16:12:36 basehttp.log_message: "GET /static/rest_framework/js/prettify-min.js HTTP/1.1" 200 13632
2023-06-24 16:12:36 basehttp.log_message: "GET /static/rest_framework/js/default.js HTTP/1.1" 200 1268
2023-06-24 16:12:36 basehttp.log_message: "GET /static/rest_framework/js/ajax-form.js HTTP/1.1" 200 3597
2023-06-24 16:12:38 basehttp.log_message: "GET /static/rest_framework/img/grid.png HTTP/1.1" 200 1458
2023-06-24 16:12:38 basehttp.log_message: "GET /static/rest_framework/css/bootstrap.min.css.map HTTP/1.1" 200 540434
2023-06-24 16:13:00 basehttp.log_message: "GET /blog/api/restful/subjects/ HTTP/1.1" 200 15198
2023-06-24 16:15:07 autoreload.trigger_reload: D:\Project\DjangoBlogs\blog\views.py changed, reloading.
2023-06-24 16:15:09 autoreload.run_with_reloader: Watching for file changes with StatReloader
2023-06-24 16:17:43 autoreload.trigger_reload: D:\Project\DjangoBlogs\blog\views.py changed, reloading.
2023-06-24 16:17:45 autoreload.run_with_reloader: Watching for file changes with StatReloader
2023-06-24 16:19:17 autoreload.trigger_reload: D:\Project\DjangoBlogs\blog\views.py changed, reloading.
2023-06-24 16:19:19 autoreload.run_with_reloader: Watching for file changes with StatReloader
2023-06-24 16:21:37 autoreload.trigger_reload: D:\Project\DjangoBlogs\blog\views.py changed, reloading.
2023-06-24 16:21:39 autoreload.run_with_reloader: Watching for file changes with StatReloader
2023-06-24 16:23:17 autoreload.trigger_reload: D:\Project\DjangoBlogs\blog\views.py changed, reloading.
2023-06-24 16:23:19 autoreload.run_with_reloader: Watching for file changes with StatReloader
2023-06-24 16:23:47 autoreload.trigger_reload: D:\Project\DjangoBlogs\blog\views.py changed, reloading.
2023-06-24 16:23:49 autoreload.run_with_reloader: Watching for file changes with StatReloader
2023-06-24 16:24:37 log.log_response: Not Found: /blog/api/restful/teachers/
2023-06-24 16:24:37 basehttp.log_message: "GET /blog/api/restful/teachers/ HTTP/1.1" 404 13452
2023-06-24 16:24:54 autoreload.trigger_reload: D:\Project\DjangoBlogs\blog\urls.py changed, reloading.
2023-06-24 16:24:56 autoreload.run_with_reloader: Watching for file changes with StatReloader
2023-06-24 16:24:57 log.log_response: Not Found: /blog/api/restful/teachers/
2023-06-24 16:24:57 basehttp.log_message: "GET /blog/api/restful/teachers/ HTTP/1.1" 404 14383
2023-06-24 16:24:58 basehttp.log_message: "GET /static/rest_framework/css/bootstrap.min.css HTTP/1.1" 304 0
2023-06-24 16:24:58 basehttp.log_message: "GET /static/rest_framework/css/bootstrap-tweaks.css HTTP/1.1" 304 0
2023-06-24 16:24:58 basehttp.log_message: "GET /static/rest_framework/css/prettify.css HTTP/1.1" 304 0
2023-06-24 16:24:58 basehttp.log_message: "GET /static/rest_framework/css/default.css HTTP/1.1" 304 0
2023-06-24 16:24:59 basehttp.log_message: "GET /static/rest_framework/img/grid.png HTTP/1.1" 304 0
2023-06-24 16:24:59 basehttp.log_message: "GET /static/rest_framework/js/ajax-form.js HTTP/1.1" 304 0
2023-06-24 16:24:59 basehttp.log_message: "GET /static/rest_framework/css/bootstrap.min.css.map HTTP/1.1" 304 0
2023-06-24 16:24:59 basehttp.log_message: "GET /static/rest_framework/js/jquery-3.5.1.min.js HTTP/1.1" 304 0
2023-06-24 16:24:59 basehttp.log_message: "GET /static/rest_framework/js/csrf.js HTTP/1.1" 304 0
2023-06-24 16:24:59 basehttp.log_message: "GET /static/rest_framework/js/prettify-min.js HTTP/1.1" 304 0
2023-06-24 16:24:59 basehttp.log_message: "GET /static/rest_framework/js/default.js HTTP/1.1" 304 0
2023-06-24 16:24:59 basehttp.log_message: "GET /static/rest_framework/js/bootstrap.min.js HTTP/1.1" 304 0
2023-06-24 16:25:31 autoreload.trigger_reload: D:\Project\DjangoBlogs\blog\views.py changed, reloading.
2023-06-24 16:25:33 autoreload.run_with_reloader: Watching for file changes with StatReloader
2023-06-24 16:25:35 log.log_response: Not Found: /blog/api/restful/teachers/
2023-06-24 16:25:35 basehttp.log_message: "GET /blog/api/restful/teachers/ HTTP/1.1" 404 14383
2023-06-24 16:28:21 log.log_response: Not Found: /blog//static/html/subjects.html
2023-06-24 16:28:21 basehttp.log_message: "GET /blog//static/html/subjects.html HTTP/1.1" 404 13645
2023-06-24 16:28:29 basehttp.log_message: "GET /static/html/subjects.html HTTP/1.1" 304 0
2023-06-24 16:28:29 basehttp.log_message: "GET /static/images/hot-icon-small.png HTTP/1.1" 404 1834
2023-06-24 16:28:31 basehttp.log_message: "GET /blog/api/subjects/ HTTP/1.1" 200 593
2023-06-24 16:39:13 basehttp.log_message: "GET /static/html/teachers.html?sno=1 HTTP/1.1" 200 2590
2023-06-24 16:39:15 log.log_response: Not Found: /blog/api/restful/teachers/
2023-06-24 16:39:15 basehttp.log_message: "GET /blog/api/restful/teachers/?sno=1 HTTP/1.1" 404 0
2023-06-24 16:39:25 basehttp.log_message: "GET /static/html/teachers.html?sno=3 HTTP/1.1" 200 2590
2023-06-24 16:39:26 basehttp.log_message: "GET /blog/api/restful/teachers/?sno=3 HTTP/1.1" 200 65
2023-06-24 16:39:43 basehttp.log_message: "GET /static/html/teachers.html?sno=4 HTTP/1.1" 200 2590
2023-06-24 16:39:44 log.log_response: Not Found: /blog/api/restful/teachers/
2023-06-24 16:39:44 basehttp.log_message: "GET /blog/api/restful/teachers/?sno=4 HTTP/1.1" 404 0
2023-06-24 16:39:51 basehttp.log_message: "GET /static/html/teachers.html?sno=5 HTTP/1.1" 200 2590
2023-06-24 16:39:52 log.log_response: Not Found: /blog/api/restful/teachers/
2023-06-24 16:39:52 basehttp.log_message: "GET /blog/api/restful/teachers/?sno=5 HTTP/1.1" 404 0
2023-06-24 16:40:02 log.log_response: Not Found: /blog/api/restful/teachers/
2023-06-24 16:40:02 basehttp.log_message: "GET /blog/api/restful/teachers/?sno=4 HTTP/1.1" 404 0
2023-06-24 16:40:06 basehttp.log_message: "GET /static/html/subjects.html HTTP/1.1" 304 0
2023-06-24 16:40:06 basehttp.log_message: "GET /static/images/hot-icon-small.png HTTP/1.1" 404 1834
2023-06-24 16:40:07 basehttp.log_message: "GET /blog/api/subjects/ HTTP/1.1" 200 593
2023-06-24 16:40:11 basehttp.log_message: "GET /blog/api/restful/teachers/?sno=3 HTTP/1.1" 200 65
2023-06-24 16:46:01 autoreload.trigger_reload: D:\Project\DjangoBlogs\blog\views.py changed, reloading.
2023-06-24 16:46:03 autoreload.run_with_reloader: Watching for file changes with StatReloader
2023-06-24 16:46:12 basehttp.log_message: "GET /static/html/teachers.html?sno=3 HTTP/1.1" 304 0
2023-06-24 16:46:14 basehttp.log_message: "GET /blog/api/restful/teachers/?sno=3 HTTP/1.1" 200 65
2023-06-24 16:49:39 autoreload.trigger_reload: D:\Project\DjangoBlogs\blog\views.py changed, reloading.
2023-06-24 16:49:42 autoreload.run_with_reloader: Watching for file changes with StatReloader
2023-06-24 16:49:48 basehttp.log_message: "GET /static/html/teachers.html?sno=3 HTTP/1.1" 304 0
2023-06-24 16:49:51 basehttp.log_message: "GET /blog/api/restful/teachers/?sno=3 HTTP/1.1" 200 65
2023-06-24 16:53:34 autoreload.trigger_reload: D:\Project\DjangoBlogs\blog\views.py changed, reloading.
2023-06-24 16:53:38 autoreload.run_with_reloader: Watching for file changes with StatReloader
2023-06-24 16:53:41 basehttp.log_message: "GET /static/html/teachers.html?sno=3 HTTP/1.1" 304 0
2023-06-24 16:53:44 log.log_response: Internal Server Error: /blog/api/restful/teachers/
Traceback (most recent call last):
  File "C:\Users\MyNetdisk\AppData\Local\Programs\Python\Python311\Lib\site-packages\django\core\handlers\exception.py", line 55, in inner
    response = get_response(request)
               ^^^^^^^^^^^^^^^^^^^^^
  File "C:\Users\MyNetdisk\AppData\Local\Programs\Python\Python311\Lib\site-packages\django\core\handlers\base.py", line 197, in _get_response
    response = wrapped_callback(request, *callback_args, **callback_kwargs)
               ^^^^^^^^^^^^^^^^^^^^^^^^^^^^^^^^^^^^^^^^^^^^^^^^^^^^^^^^^^^^
  File "C:\Users\MyNetdisk\AppData\Local\Programs\Python\Python311\Lib\site-packages\django\views\decorators\csrf.py", line 56, in wrapper_view
    return view_func(*args, **kwargs)
           ^^^^^^^^^^^^^^^^^^^^^^^^^^
  File "C:\Users\MyNetdisk\AppData\Local\Programs\Python\Python311\Lib\site-packages\django\views\generic\base.py", line 104, in view
    return self.dispatch(request, *args, **kwargs)
           ^^^^^^^^^^^^^^^^^^^^^^^^^^^^^^^^^^^^^^^
  File "C:\Users\MyNetdisk\AppData\Local\Programs\Python\Python311\Lib\site-packages\rest_framework\views.py", line 509, in dispatch
    response = self.handle_exception(exc)
               ^^^^^^^^^^^^^^^^^^^^^^^^^^
  File "C:\Users\MyNetdisk\AppData\Local\Programs\Python\Python311\Lib\site-packages\rest_framework\views.py", line 469, in handle_exception
    self.raise_uncaught_exception(exc)
  File "C:\Users\MyNetdisk\AppData\Local\Programs\Python\Python311\Lib\site-packages\rest_framework\views.py", line 480, in raise_uncaught_exception
    raise exc
  File "C:\Users\MyNetdisk\AppData\Local\Programs\Python\Python311\Lib\site-packages\rest_framework\views.py", line 506, in dispatch
    response = handler(request, *args, **kwargs)
               ^^^^^^^^^^^^^^^^^^^^^^^^^^^^^^^^^
  File "C:\Users\MyNetdisk\AppData\Local\Programs\Python\Python311\Lib\site-packages\rest_framework\decorators.py", line 50, in handler
    return func(*args, **kwargs)
           ^^^^^^^^^^^^^^^^^^^^^
  File "D:\Project\DjangoBlogs\blog\views.py", line 224, in show_teachers_api_restful
    subject = Subject.objects.only('name').get(no == sno)
                                               ^^
NameError: name 'no' is not defined
2023-06-24 16:53:44 basehttp.log_message: "GET /blog/api/restful/teachers/?sno=3 HTTP/1.1" 500 108811
2023-06-24 16:53:53 autoreload.trigger_reload: D:\Project\DjangoBlogs\blog\views.py changed, reloading.
2023-06-24 16:53:56 autoreload.run_with_reloader: Watching for file changes with StatReloader
2023-06-24 16:53:56 basehttp.log_message: "GET /static/html/subjects.html HTTP/1.1" 304 0
2023-06-24 16:53:57 basehttp.log_message: "GET /static/images/hot-icon-small.png HTTP/1.1" 404 1834
2023-06-24 16:53:59 basehttp.log_message: "GET /blog/api/subjects/ HTTP/1.1" 200 593
2023-06-24 16:54:05 basehttp.log_message: "GET /blog/api/restful/teachers/?sno=3 HTTP/1.1" 200 65
2023-06-24 16:54:31 autoreload.trigger_reload: D:\Project\DjangoBlogs\blog\views.py changed, reloading.
2023-06-24 16:54:33 autoreload.run_with_reloader: Watching for file changes with StatReloader
2023-06-24 16:54:34 basehttp.log_message: "GET /static/html/teachers.html?sno=3 HTTP/1.1" 304 0
2023-06-24 16:54:38 basehttp.log_message: "GET /blog/api/restful/teachers/?sno=3 HTTP/1.1" 200 65
2023-06-24 16:55:11 basehttp.log_message: "GET /blog/api/restful/teachers/?sno=3 HTTP/1.1" 200 65
2023-06-24 16:56:48 autoreload.trigger_reload: D:\Project\DjangoBlogs\blog\views.py changed, reloading.
2023-06-24 16:56:50 autoreload.run_with_reloader: Watching for file changes with StatReloader
2023-06-24 16:56:51 basehttp.log_message: "GET /static/html/teachers.html?sno=3 HTTP/1.1" 304 0
2023-06-24 16:56:55 log.log_response: Internal Server Error: /blog/api/restful/teachers/
Traceback (most recent call last):
  File "C:\Users\MyNetdisk\AppData\Local\Programs\Python\Python311\Lib\site-packages\django\core\handlers\exception.py", line 55, in inner
    response = get_response(request)
               ^^^^^^^^^^^^^^^^^^^^^
  File "C:\Users\MyNetdisk\AppData\Local\Programs\Python\Python311\Lib\site-packages\django\core\handlers\base.py", line 197, in _get_response
    response = wrapped_callback(request, *callback_args, **callback_kwargs)
               ^^^^^^^^^^^^^^^^^^^^^^^^^^^^^^^^^^^^^^^^^^^^^^^^^^^^^^^^^^^^
  File "C:\Users\MyNetdisk\AppData\Local\Programs\Python\Python311\Lib\site-packages\django\views\decorators\csrf.py", line 56, in wrapper_view
    return view_func(*args, **kwargs)
           ^^^^^^^^^^^^^^^^^^^^^^^^^^
  File "C:\Users\MyNetdisk\AppData\Local\Programs\Python\Python311\Lib\site-packages\django\views\generic\base.py", line 104, in view
    return self.dispatch(request, *args, **kwargs)
           ^^^^^^^^^^^^^^^^^^^^^^^^^^^^^^^^^^^^^^^
  File "C:\Users\MyNetdisk\AppData\Local\Programs\Python\Python311\Lib\site-packages\rest_framework\views.py", line 509, in dispatch
    response = self.handle_exception(exc)
               ^^^^^^^^^^^^^^^^^^^^^^^^^^
  File "C:\Users\MyNetdisk\AppData\Local\Programs\Python\Python311\Lib\site-packages\rest_framework\views.py", line 469, in handle_exception
    self.raise_uncaught_exception(exc)
  File "C:\Users\MyNetdisk\AppData\Local\Programs\Python\Python311\Lib\site-packages\rest_framework\views.py", line 480, in raise_uncaught_exception
    raise exc
  File "C:\Users\MyNetdisk\AppData\Local\Programs\Python\Python311\Lib\site-packages\rest_framework\views.py", line 506, in dispatch
    response = handler(request, *args, **kwargs)
               ^^^^^^^^^^^^^^^^^^^^^^^^^^^^^^^^^
  File "C:\Users\MyNetdisk\AppData\Local\Programs\Python\Python311\Lib\site-packages\rest_framework\decorators.py", line 50, in handler
    return func(*args, **kwargs)
           ^^^^^^^^^^^^^^^^^^^^^
  File "D:\Project\DjangoBlogs\blog\views.py", line 226, in show_teachers_api_restful
    teachers = Teacher.objects.filter(
               ^^^^^^^^^^^^^^^^^^^^^^^
  File "C:\Users\MyNetdisk\AppData\Local\Programs\Python\Python311\Lib\site-packages\django\db\models\manager.py", line 87, in manager_method
    return getattr(self.get_queryset(), name)(*args, **kwargs)
           ^^^^^^^^^^^^^^^^^^^^^^^^^^^^^^^^^^^^^^^^^^^^^^^^^^^
  File "C:\Users\MyNetdisk\AppData\Local\Programs\Python\Python311\Lib\site-packages\django\db\models\query.py", line 1436, in filter
    return self._filter_or_exclude(False, args, kwargs)
           ^^^^^^^^^^^^^^^^^^^^^^^^^^^^^^^^^^^^^^^^^^^^
  File "C:\Users\MyNetdisk\AppData\Local\Programs\Python\Python311\Lib\site-packages\django\db\models\query.py", line 1454, in _filter_or_exclude
    clone._filter_or_exclude_inplace(negate, args, kwargs)
  File "C:\Users\MyNetdisk\AppData\Local\Programs\Python\Python311\Lib\site-packages\django\db\models\query.py", line 1461, in _filter_or_exclude_inplace
    self._query.add_q(Q(*args, **kwargs))
  File "C:\Users\MyNetdisk\AppData\Local\Programs\Python\Python311\Lib\site-packages\django\db\models\sql\query.py", line 1534, in add_q
    clause, _ = self._add_q(q_object, self.used_aliases)
                ^^^^^^^^^^^^^^^^^^^^^^^^^^^^^^^^^^^^^^^^
  File "C:\Users\MyNetdisk\AppData\Local\Programs\Python\Python311\Lib\site-packages\django\db\models\sql\query.py", line 1565, in _add_q
    child_clause, needed_inner = self.build_filter(
                                 ^^^^^^^^^^^^^^^^^^
  File "C:\Users\MyNetdisk\AppData\Local\Programs\Python\Python311\Lib\site-packages\django\db\models\sql\query.py", line 1415, in build_filter
    lookups, parts, reffed_expression = self.solve_lookup_type(arg, summarize)
                                        ^^^^^^^^^^^^^^^^^^^^^^^^^^^^^^^^^^^^^^
  File "C:\Users\MyNetdisk\AppData\Local\Programs\Python\Python311\Lib\site-packages\django\db\models\sql\query.py", line 1225, in solve_lookup_type
    _, field, _, lookup_parts = self.names_to_path(lookup_splitted, self.get_meta())
                                ^^^^^^^^^^^^^^^^^^^^^^^^^^^^^^^^^^^^^^^^^^^^^^^^^^^^
  File "C:\Users\MyNetdisk\AppData\Local\Programs\Python\Python311\Lib\site-packages\django\db\models\sql\query.py", line 1713, in names_to_path
    raise FieldError(
django.core.exceptions.FieldError: Cannot resolve keyword 'sno' into field. Choices are: bad_count, birth, good_count, intro, name, no, photo, sex, subject, subject_id
2023-06-24 16:56:55 basehttp.log_message: "GET /blog/api/restful/teachers/?sno=3 HTTP/1.1" 500 153946
2023-06-24 16:57:07 autoreload.trigger_reload: D:\Project\DjangoBlogs\blog\views.py changed, reloading.
2023-06-24 16:57:09 autoreload.run_with_reloader: Watching for file changes with StatReloader
